<?xml version="1.0" encoding="UTF-8"?>
<testng-results skipped="0" failed="0" total="1" passed="1">
  <reporter-output>
  </reporter-output>
  <suite name="org.b3log.latke.repository.gae.GAERepositoryTestCase" duration-ms="722" started-at="2012-07-01T21:46:29Z" finished-at="2012-07-01T21:46:30Z">
    <groups>
    </groups>
    <test name="Command line test" duration-ms="722" started-at="2012-07-01T21:46:29Z" finished-at="2012-07-01T21:46:30Z">
      <class name="org.b3log.latke.repository.gae.GAERepositoryTestCase">
        <test-method status="PASS" signature="beforeClass()" name="beforeClass" is-config="true" duration-ms="181" started-at="2012-07-01T21:46:29Z" finished-at="2012-07-01T21:46:29Z">
        </test-method>
        <test-method status="PASS" signature="add()" name="add" duration-ms="534" started-at="2012-07-01T21:46:29Z" finished-at="2012-07-01T21:46:30Z">
        </test-method>
        <test-method status="PASS" signature="afterClass()" name="afterClass" is-config="true" duration-ms="1" started-at="2012-07-01T21:46:30Z" finished-at="2012-07-01T21:46:30Z">
        </test-method>
      </class>
    </test>
  </suite>
</testng-results>
