<?xml version="1.0" encoding="UTF-8"?>
<testng-results skipped="0" failed="0" total="60" passed="60">
  <reporter-output>
  </reporter-output>
  <suite name="Command line suite" duration-ms="4244" started-at="2018-12-04T09:53:27Z" finished-at="2018-12-04T09:53:32Z">
    <groups>
    </groups>
    <test name="Command line test" duration-ms="4244" started-at="2018-12-04T09:53:27Z" finished-at="2018-12-04T09:53:32Z">
      <class name="org.b3log.latke.util.ExecsTestCase">
        <test-method status="PASS" signature="exec()" name="exec" duration-ms="1" started-at="2018-12-04T09:53:27Z" finished-at="2018-12-04T09:53:27Z">
        </test-method>
      </class>
      <class name="org.b3log.latke.servlet.RequestDispachTestCase">
        <test-method status="PASS" signature="testBaseInvoke3()" name="testBaseInvoke3" duration-ms="182" started-at="2018-12-04T09:53:27Z" finished-at="2018-12-04T09:53:28Z">
        </test-method>
        <test-method status="PASS" signature="testBaseInvoke5()" name="testBaseInvoke5" duration-ms="183" started-at="2018-12-04T09:53:27Z" finished-at="2018-12-04T09:53:28Z">
        </test-method>
        <test-method status="PASS" signature="testBaseInvoke7()" name="testBaseInvoke7" duration-ms="182" started-at="2018-12-04T09:53:27Z" finished-at="2018-12-04T09:53:28Z">
        </test-method>
        <test-method status="PASS" signature="testBaseInvoke4()" name="testBaseInvoke4" duration-ms="182" started-at="2018-12-04T09:53:27Z" finished-at="2018-12-04T09:53:28Z">
        </test-method>
        <test-method status="PASS" signature="testAntPathMatch()" name="testAntPathMatch" duration-ms="177" started-at="2018-12-04T09:53:27Z" finished-at="2018-12-04T09:53:28Z">
        </test-method>
        <test-method status="PASS" signature="testBaseInvoke1()" name="testBaseInvoke1" duration-ms="177" started-at="2018-12-04T09:53:27Z" finished-at="2018-12-04T09:53:28Z">
        </test-method>
        <test-method status="PASS" signature="testBaseInvoke2()" name="testBaseInvoke2" duration-ms="182" started-at="2018-12-04T09:53:27Z" finished-at="2018-12-04T09:53:28Z">
        </test-method>
        <test-method status="PASS" signature="testFunctionalRouting()" name="testFunctionalRouting" duration-ms="177" started-at="2018-12-04T09:53:27Z" finished-at="2018-12-04T09:53:28Z">
        </test-method>
        <test-method status="PASS" signature="testBaseInvoke6()" name="testBaseInvoke6" duration-ms="183" started-at="2018-12-04T09:53:27Z" finished-at="2018-12-04T09:53:28Z">
        </test-method>
        <test-method status="PASS" signature="testRetVoid()" name="testRetVoid" duration-ms="177" started-at="2018-12-04T09:53:27Z" finished-at="2018-12-04T09:53:28Z">
        </test-method>
      </class>
      <class name="org.b3log.latke.ioc.setup.SetupUnitTest">
        <test-method status="PASS" signature="bean3Say()" name="bean3Say" duration-ms="1" started-at="2018-12-04T09:53:27Z" finished-at="2018-12-04T09:53:27Z">
        </test-method>
      </class>
      <class name="org.b3log.latke.util.StopwatchsTestCase">
        <test-method status="PASS" signature="getTimingStatWhileException()" name="getTimingStatWhileException" duration-ms="105" started-at="2018-12-04T09:53:27Z" finished-at="2018-12-04T09:53:28Z">
          <exception class="java.lang.RuntimeException">
            <full-stacktrace>
              <![CDATA[java.lang.RuntimeException
	at org.b3log.latke.util.StopwatchsTestCase.getTimingStatWhileException(StopwatchsTestCase.java:117)
	at sun.reflect.NativeMethodAccessorImpl.invoke0(Native Method)
	at sun.reflect.NativeMethodAccessorImpl.invoke(NativeMethodAccessorImpl.java:62)
	at sun.reflect.DelegatingMethodAccessorImpl.invoke(DelegatingMethodAccessorImpl.java:43)
	at java.lang.reflect.Method.invoke(Method.java:498)
	at org.testng.internal.MethodInvocationHelper.invokeMethod(MethodInvocationHelper.java:80)
	at org.testng.internal.Invoker.invokeMethod(Invoker.java:673)
	at org.testng.internal.Invoker.invokeTestMethod(Invoker.java:842)
	at org.testng.internal.Invoker.invokeTestMethods(Invoker.java:1166)
	at org.testng.internal.TestMethodWorker.invokeTestMethods(TestMethodWorker.java:125)
	at org.testng.internal.TestMethodWorker.run(TestMethodWorker.java:109)
	at java.util.concurrent.ThreadPoolExecutor.runWorker(ThreadPoolExecutor.java:1149)
	at java.util.concurrent.ThreadPoolExecutor$Worker.run(ThreadPoolExecutor.java:624)
	at java.lang.Thread.run(Thread.java:748)
]]>
            </full-stacktrace>
          </exception>
        </test-method>
        <test-method status="PASS" signature="getTimingStat()" name="getTimingStat" duration-ms="96" started-at="2018-12-04T09:53:27Z" finished-at="2018-12-04T09:53:28Z">
        </test-method>
        <test-method status="PASS" signature="getTimingStat()" name="getTimingStat" duration-ms="96" started-at="2018-12-04T09:53:27Z" finished-at="2018-12-04T09:53:28Z">
        </test-method>
        <test-method status="PASS" signature="getTimingStat()" name="getTimingStat" duration-ms="92" started-at="2018-12-04T09:53:27Z" finished-at="2018-12-04T09:53:28Z">
        </test-method>
        <test-method status="PASS" signature="getTimingStat()" name="getTimingStat" duration-ms="92" started-at="2018-12-04T09:53:27Z" finished-at="2018-12-04T09:53:28Z">
        </test-method>
        <test-method status="PASS" signature="getTimingStat()" name="getTimingStat" duration-ms="92" started-at="2018-12-04T09:53:27Z" finished-at="2018-12-04T09:53:28Z">
        </test-method>
        <test-method status="PASS" signature="afterMethod()" name="afterMethod" is-config="true" duration-ms="0" started-at="2018-12-04T09:53:28Z" finished-at="2018-12-04T09:53:28Z">
        </test-method>
        <test-method status="PASS" signature="afterMethod()" name="afterMethod" is-config="true" duration-ms="0" started-at="2018-12-04T09:53:28Z" finished-at="2018-12-04T09:53:28Z">
        </test-method>
        <test-method status="PASS" signature="getTimingStat()" name="getTimingStat" duration-ms="82" started-at="2018-12-04T09:53:28Z" finished-at="2018-12-04T09:53:28Z">
        </test-method>
        <test-method status="PASS" signature="getTimingStat()" name="getTimingStat" duration-ms="82" started-at="2018-12-04T09:53:28Z" finished-at="2018-12-04T09:53:28Z">
        </test-method>
        <test-method status="PASS" signature="afterMethod()" name="afterMethod" is-config="true" duration-ms="0" started-at="2018-12-04T09:53:28Z" finished-at="2018-12-04T09:53:28Z">
        </test-method>
        <test-method status="PASS" signature="afterMethod()" name="afterMethod" is-config="true" duration-ms="0" started-at="2018-12-04T09:53:28Z" finished-at="2018-12-04T09:53:28Z">
        </test-method>
        <test-method status="PASS" signature="getTimingStat()" name="getTimingStat" duration-ms="82" started-at="2018-12-04T09:53:28Z" finished-at="2018-12-04T09:53:28Z">
        </test-method>
        <test-method status="PASS" signature="afterMethod()" name="afterMethod" is-config="true" duration-ms="0" started-at="2018-12-04T09:53:28Z" finished-at="2018-12-04T09:53:28Z">
        </test-method>
        <test-method status="PASS" signature="getTimingStat()" name="getTimingStat" duration-ms="82" started-at="2018-12-04T09:53:28Z" finished-at="2018-12-04T09:53:28Z">
        </test-method>
        <test-method status="PASS" signature="getTimingStat()" name="getTimingStat" duration-ms="82" started-at="2018-12-04T09:53:28Z" finished-at="2018-12-04T09:53:28Z">
        </test-method>
        <test-method status="PASS" signature="afterMethod()" name="afterMethod" is-config="true" duration-ms="0" started-at="2018-12-04T09:53:28Z" finished-at="2018-12-04T09:53:28Z">
        </test-method>
        <test-method status="PASS" signature="afterMethod()" name="afterMethod" is-config="true" duration-ms="0" started-at="2018-12-04T09:53:28Z" finished-at="2018-12-04T09:53:28Z">
        </test-method>
        <test-method status="PASS" signature="afterMethod()" name="afterMethod" is-config="true" duration-ms="0" started-at="2018-12-04T09:53:28Z" finished-at="2018-12-04T09:53:28Z">
        </test-method>
        <test-method status="PASS" signature="afterMethod()" name="afterMethod" is-config="true" duration-ms="0" started-at="2018-12-04T09:53:28Z" finished-at="2018-12-04T09:53:28Z">
        </test-method>
        <test-method status="PASS" signature="getTimingStat()" name="getTimingStat" duration-ms="82" started-at="2018-12-04T09:53:28Z" finished-at="2018-12-04T09:53:28Z">
        </test-method>
        <test-method status="PASS" signature="getTimingStat()" name="getTimingStat" duration-ms="82" started-at="2018-12-04T09:53:28Z" finished-at="2018-12-04T09:53:28Z">
        </test-method>
        <test-method status="PASS" signature="getTimingStat()" name="getTimingStat" duration-ms="82" started-at="2018-12-04T09:53:28Z" finished-at="2018-12-04T09:53:28Z">
        </test-method>
        <test-method status="PASS" signature="afterMethod()" name="afterMethod" is-config="true" duration-ms="0" started-at="2018-12-04T09:53:28Z" finished-at="2018-12-04T09:53:28Z">
        </test-method>
        <test-method status="PASS" signature="getTimingStat()" name="getTimingStat" duration-ms="82" started-at="2018-12-04T09:53:28Z" finished-at="2018-12-04T09:53:28Z">
        </test-method>
        <test-method status="PASS" signature="afterMethod()" name="afterMethod" is-config="true" duration-ms="0" started-at="2018-12-04T09:53:28Z" finished-at="2018-12-04T09:53:28Z">
        </test-method>
        <test-method status="PASS" signature="getTimingStat()" name="getTimingStat" duration-ms="82" started-at="2018-12-04T09:53:28Z" finished-at="2018-12-04T09:53:28Z">
        </test-method>
        <test-method status="PASS" signature="afterMethod()" name="afterMethod" is-config="true" duration-ms="0" started-at="2018-12-04T09:53:28Z" finished-at="2018-12-04T09:53:28Z">
        </test-method>
        <test-method status="PASS" signature="afterMethod()" name="afterMethod" is-config="true" duration-ms="0" started-at="2018-12-04T09:53:28Z" finished-at="2018-12-04T09:53:28Z">
        </test-method>
        <test-method status="PASS" signature="afterMethod()" name="afterMethod" is-config="true" duration-ms="0" started-at="2018-12-04T09:53:28Z" finished-at="2018-12-04T09:53:28Z">
        </test-method>
        <test-method status="PASS" signature="getTimingStat()" name="getTimingStat" duration-ms="84" started-at="2018-12-04T09:53:28Z" finished-at="2018-12-04T09:53:28Z">
        </test-method>
        <test-method status="PASS" signature="getTimingStat()" name="getTimingStat" duration-ms="84" started-at="2018-12-04T09:53:28Z" finished-at="2018-12-04T09:53:28Z">
        </test-method>
        <test-method status="PASS" signature="getTimingStat()" name="getTimingStat" duration-ms="84" started-at="2018-12-04T09:53:28Z" finished-at="2018-12-04T09:53:28Z">
        </test-method>
        <test-method status="PASS" signature="getTimingStat()" name="getTimingStat" duration-ms="84" started-at="2018-12-04T09:53:28Z" finished-at="2018-12-04T09:53:28Z">
        </test-method>
        <test-method status="PASS" signature="afterMethod()" name="afterMethod" is-config="true" duration-ms="0" started-at="2018-12-04T09:53:28Z" finished-at="2018-12-04T09:53:28Z">
        </test-method>
        <test-method status="PASS" signature="afterMethod()" name="afterMethod" is-config="true" duration-ms="0" started-at="2018-12-04T09:53:28Z" finished-at="2018-12-04T09:53:28Z">
        </test-method>
        <test-method status="PASS" signature="getTimingStat()" name="getTimingStat" duration-ms="84" started-at="2018-12-04T09:53:28Z" finished-at="2018-12-04T09:53:28Z">
        </test-method>
        <test-method status="PASS" signature="afterMethod()" name="afterMethod" is-config="true" duration-ms="0" started-at="2018-12-04T09:53:28Z" finished-at="2018-12-04T09:53:28Z">
        </test-method>
        <test-method status="PASS" signature="afterMethod()" name="afterMethod" is-config="true" duration-ms="1" started-at="2018-12-04T09:53:28Z" finished-at="2018-12-04T09:53:28Z">
        </test-method>
        <test-method status="PASS" signature="afterMethod()" name="afterMethod" is-config="true" duration-ms="0" started-at="2018-12-04T09:53:28Z" finished-at="2018-12-04T09:53:28Z">
        </test-method>
        <test-method status="PASS" signature="getTimingStat()" name="getTimingStat" duration-ms="81" started-at="2018-12-04T09:53:28Z" finished-at="2018-12-04T09:53:28Z">
        </test-method>
        <test-method status="PASS" signature="getTimingStat()" name="getTimingStat" duration-ms="81" started-at="2018-12-04T09:53:28Z" finished-at="2018-12-04T09:53:28Z">
        </test-method>
        <test-method status="PASS" signature="afterMethod()" name="afterMethod" is-config="true" duration-ms="0" started-at="2018-12-04T09:53:28Z" finished-at="2018-12-04T09:53:28Z">
        </test-method>
        <test-method status="PASS" signature="afterMethod()" name="afterMethod" is-config="true" duration-ms="0" started-at="2018-12-04T09:53:28Z" finished-at="2018-12-04T09:53:28Z">
        </test-method>
        <test-method status="PASS" signature="getTimingStat()" name="getTimingStat" duration-ms="81" started-at="2018-12-04T09:53:28Z" finished-at="2018-12-04T09:53:28Z">
        </test-method>
        <test-method status="PASS" signature="getTimingStat()" name="getTimingStat" duration-ms="81" started-at="2018-12-04T09:53:28Z" finished-at="2018-12-04T09:53:28Z">
        </test-method>
        <test-method status="PASS" signature="getTimingStat()" name="getTimingStat" duration-ms="81" started-at="2018-12-04T09:53:28Z" finished-at="2018-12-04T09:53:28Z">
        </test-method>
        <test-method status="PASS" signature="afterMethod()" name="afterMethod" is-config="true" duration-ms="0" started-at="2018-12-04T09:53:28Z" finished-at="2018-12-04T09:53:28Z">
        </test-method>
        <test-method status="PASS" signature="getTimingStat()" name="getTimingStat" duration-ms="82" started-at="2018-12-04T09:53:28Z" finished-at="2018-12-04T09:53:28Z">
        </test-method>
        <test-method status="PASS" signature="afterMethod()" name="afterMethod" is-config="true" duration-ms="0" started-at="2018-12-04T09:53:28Z" finished-at="2018-12-04T09:53:28Z">
        </test-method>
        <test-method status="PASS" signature="getTimingStat()" name="getTimingStat" duration-ms="82" started-at="2018-12-04T09:53:28Z" finished-at="2018-12-04T09:53:28Z">
        </test-method>
        <test-method status="PASS" signature="getTimingStat()" name="getTimingStat" duration-ms="82" started-at="2018-12-04T09:53:28Z" finished-at="2018-12-04T09:53:28Z">
        </test-method>
        <test-method status="PASS" signature="afterMethod()" name="afterMethod" is-config="true" duration-ms="0" started-at="2018-12-04T09:53:28Z" finished-at="2018-12-04T09:53:28Z">
        </test-method>
        <test-method status="PASS" signature="getTimingStat()" name="getTimingStat" duration-ms="82" started-at="2018-12-04T09:53:28Z" finished-at="2018-12-04T09:53:28Z">
        </test-method>
        <test-method status="PASS" signature="afterMethod()" name="afterMethod" is-config="true" duration-ms="0" started-at="2018-12-04T09:53:28Z" finished-at="2018-12-04T09:53:28Z">
        </test-method>
        <test-method status="PASS" signature="afterMethod()" name="afterMethod" is-config="true" duration-ms="0" started-at="2018-12-04T09:53:28Z" finished-at="2018-12-04T09:53:28Z">
        </test-method>
        <test-method status="PASS" signature="getTimingStat()" name="getTimingStat" duration-ms="82" started-at="2018-12-04T09:53:28Z" finished-at="2018-12-04T09:53:28Z">
        </test-method>
        <test-method status="PASS" signature="afterMethod()" name="afterMethod" is-config="true" duration-ms="0" started-at="2018-12-04T09:53:28Z" finished-at="2018-12-04T09:53:28Z">
        </test-method>
        <test-method status="PASS" signature="afterMethod()" name="afterMethod" is-config="true" duration-ms="0" started-at="2018-12-04T09:53:28Z" finished-at="2018-12-04T09:53:28Z">
        </test-method>
        <test-method status="PASS" signature="afterMethod()" name="afterMethod" is-config="true" duration-ms="0" started-at="2018-12-04T09:53:28Z" finished-at="2018-12-04T09:53:28Z">
        </test-method>
        <test-method status="PASS" signature="afterMethod()" name="afterMethod" is-config="true" duration-ms="0" started-at="2018-12-04T09:53:28Z" finished-at="2018-12-04T09:53:28Z">
        </test-method>
        <test-method status="PASS" signature="afterMethod()" name="afterMethod" is-config="true" duration-ms="0" started-at="2018-12-04T09:53:28Z" finished-at="2018-12-04T09:53:28Z">
        </test-method>
      </class>
      <class name="org.b3log.latke.util.AntPathMatcherTestCase">
        <test-method status="PASS" signature="match()" name="match" duration-ms="5" started-at="2018-12-04T09:53:27Z" finished-at="2018-12-04T09:53:27Z">
        </test-method>
      </class>
      <class name="org.b3log.latke.util.DefaultMatcherTestCase">
        <test-method status="PASS" signature="matchLowercaseAndUpercaseOK()" name="matchLowercaseAndUpercaseOK" duration-ms="13" started-at="2018-12-04T09:53:27Z" finished-at="2018-12-04T09:53:27Z">
        </test-method>
        <test-method status="PASS" signature="match()" name="match" duration-ms="12" started-at="2018-12-04T09:53:27Z" finished-at="2018-12-04T09:53:27Z">
        </test-method>
        <test-method status="PASS" signature="matchError()" name="matchError" duration-ms="3" started-at="2018-12-04T09:53:27Z" finished-at="2018-12-04T09:53:27Z">
        </test-method>
        <test-method status="PASS" signature="matchUpercaseOK()" name="matchUpercaseOK" duration-ms="8" started-at="2018-12-04T09:53:27Z" finished-at="2018-12-04T09:53:27Z">
        </test-method>
        <test-method status="PASS" signature="matchLowercaseOK()" name="matchLowercaseOK" duration-ms="8" started-at="2018-12-04T09:53:27Z" finished-at="2018-12-04T09:53:27Z">
        </test-method>
      </class>
      <class name="org.b3log.latke.ioc.inherit.InheritTest">
        <test-method status="PASS" signature="beforeTest()" name="beforeTest" is-config="true" duration-ms="113" started-at="2018-12-04T09:53:27Z" finished-at="2018-12-04T09:53:27Z">
        </test-method>
        <test-method status="PASS" signature="beforeTest()" name="beforeTest" is-config="true" duration-ms="3" started-at="2018-12-04T09:53:27Z" finished-at="2018-12-04T09:53:27Z">
        </test-method>
        <test-method status="PASS" signature="beforeTest()" name="beforeTest" is-config="true" duration-ms="16" started-at="2018-12-04T09:53:27Z" finished-at="2018-12-04T09:53:27Z">
        </test-method>
        <test-method status="PASS" signature="hello()" name="hello" duration-ms="0" started-at="2018-12-04T09:53:27Z" finished-at="2018-12-04T09:53:27Z">
        </test-method>
        <test-method status="PASS" signature="afterTest()" name="afterTest" is-config="true" duration-ms="1" started-at="2018-12-04T09:53:32Z" finished-at="2018-12-04T09:53:32Z">
        </test-method>
        <test-method status="PASS" signature="afterTest()" name="afterTest" is-config="true" duration-ms="0" started-at="2018-12-04T09:53:32Z" finished-at="2018-12-04T09:53:32Z">
        </test-method>
        <test-method status="PASS" signature="afterTest()" name="afterTest" is-config="true" duration-ms="0" started-at="2018-12-04T09:53:32Z" finished-at="2018-12-04T09:53:32Z">
        </test-method>
      </class>
      <class name="org.b3log.latke.event.EventManagerTestCase">
        <test-method status="PASS" signature="test()" name="test" duration-ms="4084" started-at="2018-12-04T09:53:27Z" finished-at="2018-12-04T09:53:32Z">
        </test-method>
      </class>
      <class name="org.b3log.latke.util.StringsTestCase">
        <test-method status="PASS" signature="trimAll()" name="trimAll" duration-ms="22" started-at="2018-12-04T09:53:27Z" finished-at="2018-12-04T09:53:27Z">
        </test-method>
        <test-method status="PASS" signature="isEmail()" name="isEmail" duration-ms="16" started-at="2018-12-04T09:53:27Z" finished-at="2018-12-04T09:53:27Z">
        </test-method>
        <test-method status="PASS" signature="isURL()" name="isURL" duration-ms="15" started-at="2018-12-04T09:53:27Z" finished-at="2018-12-04T09:53:27Z">
        </test-method>
        <test-method status="PASS" signature="contains()" name="contains" duration-ms="19" started-at="2018-12-04T09:53:27Z" finished-at="2018-12-04T09:53:27Z">
        </test-method>
        <test-method status="PASS" signature="containsIgnoreCase()" name="containsIgnoreCase" duration-ms="19" started-at="2018-12-04T09:53:27Z" finished-at="2018-12-04T09:53:27Z">
        </test-method>
      </class>
      <class name="org.b3log.latke.util.ReflectionsTestCase">
        <test-method status="PASS" signature="getMethodVariableNames()" name="getMethodVariableNames" duration-ms="20" started-at="2018-12-04T09:53:27Z" finished-at="2018-12-04T09:53:27Z">
        </test-method>
      </class>
      <class name="org.b3log.latke.LatkesTestCase">
        <test-method status="PASS" signature="init()" name="init" duration-ms="1" started-at="2018-12-04T09:53:27Z" finished-at="2018-12-04T09:53:27Z">
        </test-method>
      </class>
      <class name="org.b3log.latke.cache.redis.RedisCacheTestCase">
        <test-method status="PASS" signature="put()" name="put" duration-ms="2220" started-at="2018-12-04T09:53:27Z" finished-at="2018-12-04T09:53:30Z">
        </test-method>
      </class>
      <class name="org.b3log.latke.util.StaticResourcesTestCase">
        <test-method status="PASS" signature="isStatic()" name="isStatic" duration-ms="74" started-at="2018-12-04T09:53:27Z" finished-at="2018-12-04T09:53:28Z">
        </test-method>
      </class>
    </test>
  </suite>
</testng-results>
