<?xml version="1.0" encoding="UTF-8"?>
<testsuite hostname="DESKTOP-OHA4CMJ" name="org.b3log.latke.LatkesTestCase" tests="60" failures="0" timestamp="4 Dec 2018 02:07:29 GMT" time="4.249" errors="0">
  <testcase name="bean3Say" time="0.001" classname="org.b3log.latke.ioc.setup.SetupUnitTest"/>
  <testcase name="hello" time="0.0" classname="org.b3log.latke.ioc.inherit.InheritTest"/>
  <testcase name="isURL" time="0.007" classname="org.b3log.latke.util.StringsTestCase"/>
  <testcase name="isEmail" time="0.008" classname="org.b3log.latke.util.StringsTestCase"/>
  <testcase name="match" time="0.007" classname="org.b3log.latke.util.AntPathMatcherTestCase"/>
  <testcase name="containsIgnoreCase" time="0.019" classname="org.b3log.latke.util.StringsTestCase"/>
  <testcase name="contains" time="0.019" classname="org.b3log.latke.util.StringsTestCase"/>
  <testcase name="trimAll" time="0.023" classname="org.b3log.latke.util.StringsTestCase"/>
  <testcase name="getMethodVariableNames" time="0.03" classname="org.b3log.latke.util.ReflectionsTestCase"/>
  <testcase name="matchError" time="0.012" classname="org.b3log.latke.util.DefaultMatcherTestCase"/>
  <testcase name="match" time="0.022" classname="org.b3log.latke.util.DefaultMatcherTestCase"/>
  <testcase name="exec" time="0.0" classname="org.b3log.latke.util.ExecsTestCase"/>
  <testcase name="init" time="0.002" classname="org.b3log.latke.LatkesTestCase"/>
  <testcase name="matchLowercaseAndUpercaseOK" time="0.025" classname="org.b3log.latke.util.DefaultMatcherTestCase"/>
  <testcase name="matchLowercaseOK" time="0.011" classname="org.b3log.latke.util.DefaultMatcherTestCase"/>
  <testcase name="matchUpercaseOK" time="0.015" classname="org.b3log.latke.util.DefaultMatcherTestCase"/>
  <testcase name="isStatic" time="0.051" classname="org.b3log.latke.util.StaticResourcesTestCase"/>
  <testcase name="getTimingStatWhileException" time="0.091" classname="org.b3log.latke.util.StopwatchsTestCase"/>
  <testcase name="getTimingStat" time="0.088" classname="org.b3log.latke.util.StopwatchsTestCase"/>
  <testcase name="getTimingStat" time="0.088" classname="org.b3log.latke.util.StopwatchsTestCase"/>
  <testcase name="getTimingStat" time="0.083" classname="org.b3log.latke.util.StopwatchsTestCase"/>
  <testcase name="getTimingStat" time="0.083" classname="org.b3log.latke.util.StopwatchsTestCase"/>
  <testcase name="getTimingStat" time="0.088" classname="org.b3log.latke.util.StopwatchsTestCase"/>
  <testcase name="testFunctionalRouting" time="0.147" classname="org.b3log.latke.servlet.RequestDispachTestCase"/>
  <testcase name="testBaseInvoke1" time="0.147" classname="org.b3log.latke.servlet.RequestDispachTestCase"/>
  <testcase name="testAntPathMatch" time="0.147" classname="org.b3log.latke.servlet.RequestDispachTestCase"/>
  <testcase name="testRetVoid" time="0.147" classname="org.b3log.latke.servlet.RequestDispachTestCase"/>
  <testcase name="testBaseInvoke3" time="0.149" classname="org.b3log.latke.servlet.RequestDispachTestCase"/>
  <testcase name="testBaseInvoke4" time="0.149" classname="org.b3log.latke.servlet.RequestDispachTestCase"/>
  <testcase name="testBaseInvoke2" time="0.149" classname="org.b3log.latke.servlet.RequestDispachTestCase"/>
  <testcase name="testBaseInvoke7" time="0.149" classname="org.b3log.latke.servlet.RequestDispachTestCase"/>
  <testcase name="testBaseInvoke5" time="0.149" classname="org.b3log.latke.servlet.RequestDispachTestCase"/>
  <testcase name="testBaseInvoke6" time="0.149" classname="org.b3log.latke.servlet.RequestDispachTestCase"/>
  <testcase name="getTimingStat" time="0.083" classname="org.b3log.latke.util.StopwatchsTestCase"/>
  <testcase name="getTimingStat" time="0.083" classname="org.b3log.latke.util.StopwatchsTestCase"/>
  <testcase name="getTimingStat" time="0.083" classname="org.b3log.latke.util.StopwatchsTestCase"/>
  <testcase name="getTimingStat" time="0.083" classname="org.b3log.latke.util.StopwatchsTestCase"/>
  <testcase name="getTimingStat" time="0.083" classname="org.b3log.latke.util.StopwatchsTestCase"/>
  <testcase name="getTimingStat" time="0.083" classname="org.b3log.latke.util.StopwatchsTestCase"/>
  <testcase name="getTimingStat" time="0.083" classname="org.b3log.latke.util.StopwatchsTestCase"/>
  <testcase name="getTimingStat" time="0.083" classname="org.b3log.latke.util.StopwatchsTestCase"/>
  <testcase name="getTimingStat" time="0.083" classname="org.b3log.latke.util.StopwatchsTestCase"/>
  <testcase name="getTimingStat" time="0.083" classname="org.b3log.latke.util.StopwatchsTestCase"/>
  <testcase name="getTimingStat" time="0.083" classname="org.b3log.latke.util.StopwatchsTestCase"/>
  <testcase name="getTimingStat" time="0.083" classname="org.b3log.latke.util.StopwatchsTestCase"/>
  <testcase name="getTimingStat" time="0.083" classname="org.b3log.latke.util.StopwatchsTestCase"/>
  <testcase name="getTimingStat" time="0.083" classname="org.b3log.latke.util.StopwatchsTestCase"/>
  <testcase name="getTimingStat" time="0.083" classname="org.b3log.latke.util.StopwatchsTestCase"/>
  <testcase name="getTimingStat" time="0.083" classname="org.b3log.latke.util.StopwatchsTestCase"/>
  <testcase name="getTimingStat" time="0.083" classname="org.b3log.latke.util.StopwatchsTestCase"/>
  <testcase name="getTimingStat" time="0.083" classname="org.b3log.latke.util.StopwatchsTestCase"/>
  <testcase name="getTimingStat" time="0.083" classname="org.b3log.latke.util.StopwatchsTestCase"/>
  <testcase name="getTimingStat" time="0.083" classname="org.b3log.latke.util.StopwatchsTestCase"/>
  <testcase name="getTimingStat" time="0.083" classname="org.b3log.latke.util.StopwatchsTestCase"/>
  <testcase name="getTimingStat" time="0.083" classname="org.b3log.latke.util.StopwatchsTestCase"/>
  <testcase name="getTimingStat" time="0.083" classname="org.b3log.latke.util.StopwatchsTestCase"/>
  <testcase name="getTimingStat" time="0.083" classname="org.b3log.latke.util.StopwatchsTestCase"/>
  <testcase name="getTimingStat" time="0.083" classname="org.b3log.latke.util.StopwatchsTestCase"/>
  <testcase name="put" time="2.169" classname="org.b3log.latke.cache.redis.RedisCacheTestCase"/>
  <testcase name="test" time="4.077" classname="org.b3log.latke.event.EventManagerTestCase"/>
</testsuite>
